Start testing: Dec 22 16:36 UTC
----------------------------------------------------------
1/1 Testing: CalculatorTests
1/1 Test: CalculatorTests
Command: "/home/ubuntu/project/calculator/build1/calculator_test"
Directory: /home/ubuntu/project/calculator/build1
"CalculatorTests" start time: Dec 22 16:36 UTC
Output:
----------------------------------------------------------
QFactoryLoader::QFactoryLoader() checking directory path "/usr/lib/x86_64-linux-gnu/qt5/plugins" ...
QFactoryLoader::QFactoryLoader() checking directory path "/home/ubuntu/project/calculator/build1" ...
QFactoryLoader::QFactoryLoader() looking at "/home/ubuntu/project/calculator/build1/calculator_test"
"Failed to extract plugin meta data from '/home/ubuntu/project/calculator/build1/calculator_test'" 
         not a plugin
QFactoryLoader::QFactoryLoader() looking at "/home/ubuntu/project/calculator/build1/calculatorscxml"
"Failed to extract plugin meta data from '/home/ubuntu/project/calculator/build1/calculatorscxml'" 
         not a plugin
QFactoryLoader::QFactoryLoader() looking at "/home/ubuntu/project/calculator/build1/cmake_install.cmake"
QElfParser: '/home/ubuntu/project/calculator/build1/cmake_install.cmake' is not an ELF object
"'/home/ubuntu/project/calculator/build1/cmake_install.cmake' is not an ELF object" 
         not a plugin
QFactoryLoader::QFactoryLoader() looking at "/home/ubuntu/project/calculator/build1/CMakeCache.txt"
QElfParser: '/home/ubuntu/project/calculator/build1/CMakeCache.txt' is not an ELF object
"'/home/ubuntu/project/calculator/build1/CMakeCache.txt' is not an ELF object" 
         not a plugin
QFactoryLoader::QFactoryLoader() looking at "/home/ubuntu/project/calculator/build1/CTestTestfile.cmake"
QElfParser: '/home/ubuntu/project/calculator/build1/CTestTestfile.cmake' is not an ELF object
"'/home/ubuntu/project/calculator/build1/CTestTestfile.cmake' is not an ELF object" 
         not a plugin
QFactoryLoader::QFactoryLoader() looking at "/home/ubuntu/project/calculator/build1/Makefile"
QElfParser: '/home/ubuntu/project/calculator/build1/Makefile' is not an ELF object
"'/home/ubuntu/project/calculator/build1/Makefile' is not an ELF object" 
         not a plugin
QFactoryLoader::QFactoryLoader() looking at "/home/ubuntu/project/calculator/build1/moc_calculator.cpp"
QElfParser: '/home/ubuntu/project/calculator/build1/moc_calculator.cpp' is not an ELF object (file too small)
"'/home/ubuntu/project/calculator/build1/moc_calculator.cpp' is not an ELF object (file too small)" 
         not a plugin
QFactoryLoader::QFactoryLoader() looking at "/home/ubuntu/project/calculator/build1/moc_calculator.cpp_parameters"
QElfParser: '/home/ubuntu/project/calculator/build1/moc_calculator.cpp_parameters' is not an ELF object
"'/home/ubuntu/project/calculator/build1/moc_calculator.cpp_parameters' is not an ELF object" 
         not a plugin
QFactoryLoader::QFactoryLoader() looking at "/home/ubuntu/project/calculator/build1/moc_calculator_test.cpp"
QElfParser: '/home/ubuntu/project/calculator/build1/moc_calculator_test.cpp' is not an ELF object
"'/home/ubuntu/project/calculator/build1/moc_calculator_test.cpp' is not an ELF object" 
         not a plugin
QFactoryLoader::QFactoryLoader() looking at "/home/ubuntu/project/calculator/build1/moc_calculator_test.cpp_parameters"
QElfParser: '/home/ubuntu/project/calculator/build1/moc_calculator_test.cpp_parameters' is not an ELF object
"'/home/ubuntu/project/calculator/build1/moc_calculator_test.cpp_parameters' is not an ELF object" 
         not a plugin
QFactoryLoader::QFactoryLoader() looking at "/home/ubuntu/project/calculator/build1/qmake_qml_resources.qrc.depends"
QElfParser: '/home/ubuntu/project/calculator/build1/qmake_qml_resources.qrc.depends' is not an ELF object
"'/home/ubuntu/project/calculator/build1/qmake_qml_resources.qrc.depends' is not an ELF object" 
         not a plugin
QFactoryLoader::QFactoryLoader() looking at "/home/ubuntu/project/calculator/build1/qrc_qmake_qml_resources.cpp"
QElfParser: '/home/ubuntu/project/calculator/build1/qrc_qmake_qml_resources.cpp' is not an ELF object
"'/home/ubuntu/project/calculator/build1/qrc_qmake_qml_resources.cpp' is not an ELF object" 
         not a plugin
QFactoryLoader::QFactoryLoader() checking directory path "/usr/lib/x86_64-linux-gnu/qt5/plugins/platforms" ...
QFactoryLoader::QFactoryLoader() looking at "/usr/lib/x86_64-linux-gnu/qt5/plugins/platforms/libqeglfs.so"
Found metadata in lib /usr/lib/x86_64-linux-gnu/qt5/plugins/platforms/libqeglfs.so, metadata=
{
    "IID": "org.qt-project.Qt.QPA.QPlatformIntegrationFactoryInterface.5.3",
    "MetaData": {
        "Keys": [
            "eglfs"
        ]
    },
    "archreq": 0,
    "className": "QEglFSIntegrationPlugin",
    "debug": false,
    "version": 331520
}


Got keys from plugin meta data ("eglfs")
QFactoryLoader::QFactoryLoader() looking at "/usr/lib/x86_64-linux-gnu/qt5/plugins/platforms/libqlinuxfb.so"
Found metadata in lib /usr/lib/x86_64-linux-gnu/qt5/plugins/platforms/libqlinuxfb.so, metadata=
{
    "IID": "org.qt-project.Qt.QPA.QPlatformIntegrationFactoryInterface.5.3",
    "MetaData": {
        "Keys": [
            "linuxfb"
        ]
    },
    "archreq": 0,
    "className": "QLinuxFbIntegrationPlugin",
    "debug": false,
    "version": 331520
}


Got keys from plugin meta data ("linuxfb")
QFactoryLoader::QFactoryLoader() looking at "/usr/lib/x86_64-linux-gnu/qt5/plugins/platforms/libqminimal.so"
Found metadata in lib /usr/lib/x86_64-linux-gnu/qt5/plugins/platforms/libqminimal.so, metadata=
{
    "IID": "org.qt-project.Qt.QPA.QPlatformIntegrationFactoryInterface.5.3",
    "MetaData": {
        "Keys": [
            "minimal"
        ]
    },
    "archreq": 0,
    "className": "QMinimalIntegrationPlugin",
    "debug": false,
    "version": 331520
}


Got keys from plugin meta data ("minimal")
QFactoryLoader::QFactoryLoader() looking at "/usr/lib/x86_64-linux-gnu/qt5/plugins/platforms/libqminimalegl.so"
Found metadata in lib /usr/lib/x86_64-linux-gnu/qt5/plugins/platforms/libqminimalegl.so, metadata=
{
    "IID": "org.qt-project.Qt.QPA.QPlatformIntegrationFactoryInterface.5.3",
    "MetaData": {
        "Keys": [
            "minimalegl"
        ]
    },
    "archreq": 0,
    "className": "QMinimalEglIntegrationPlugin",
    "debug": false,
    "version": 331520
}


Got keys from plugin meta data ("minimalegl")
QFactoryLoader::QFactoryLoader() looking at "/usr/lib/x86_64-linux-gnu/qt5/plugins/platforms/libqoffscreen.so"
Found metadata in lib /usr/lib/x86_64-linux-gnu/qt5/plugins/platforms/libqoffscreen.so, metadata=
{
    "IID": "org.qt-project.Qt.QPA.QPlatformIntegrationFactoryInterface.5.3",
    "MetaData": {
        "Keys": [
            "offscreen"
        ]
    },
    "archreq": 0,
    "className": "QOffscreenIntegrationPlugin",
    "debug": false,
    "version": 331520
}


Got keys from plugin meta data ("offscreen")
QFactoryLoader::QFactoryLoader() looking at "/usr/lib/x86_64-linux-gnu/qt5/plugins/platforms/libqvnc.so"
Found metadata in lib /usr/lib/x86_64-linux-gnu/qt5/plugins/platforms/libqvnc.so, metadata=
{
    "IID": "org.qt-project.Qt.QPA.QPlatformIntegrationFactoryInterface.5.3",
    "MetaData": {
        "Keys": [
            "vnc"
        ]
    },
    "archreq": 0,
    "className": "QVncIntegrationPlugin",
    "debug": false,
    "version": 331520
}


Got keys from plugin meta data ("vnc")
QFactoryLoader::QFactoryLoader() looking at "/usr/lib/x86_64-linux-gnu/qt5/plugins/platforms/libqwayland-egl.so"
Found metadata in lib /usr/lib/x86_64-linux-gnu/qt5/plugins/platforms/libqwayland-egl.so, metadata=
{
    "IID": "org.qt-project.Qt.QPA.QPlatformIntegrationFactoryInterface.5.3",
    "MetaData": {
        "Keys": [
            "wayland-egl"
        ]
    },
    "archreq": 0,
    "className": "QWaylandEglPlatformIntegrationPlugin",
    "debug": false,
    "version": 331520
}


Got keys from plugin meta data ("wayland-egl")
QFactoryLoader::QFactoryLoader() looking at "/usr/lib/x86_64-linux-gnu/qt5/plugins/platforms/libqwayland-generic.so"
Found metadata in lib /usr/lib/x86_64-linux-gnu/qt5/plugins/platforms/libqwayland-generic.so, metadata=
{
    "IID": "org.qt-project.Qt.QPA.QPlatformIntegrationFactoryInterface.5.3",
    "MetaData": {
        "Keys": [
            "wayland"
        ]
    },
    "archreq": 0,
    "className": "QWaylandIntegrationPlugin",
    "debug": false,
    "version": 331520
}


Got keys from plugin meta data ("wayland")
QFactoryLoader::QFactoryLoader() looking at "/usr/lib/x86_64-linux-gnu/qt5/plugins/platforms/libqwayland-xcomposite-egl.so"
Found metadata in lib /usr/lib/x86_64-linux-gnu/qt5/plugins/platforms/libqwayland-xcomposite-egl.so, metadata=
{
    "IID": "org.qt-project.Qt.QPA.QPlatformIntegrationFactoryInterface.5.3",
    "MetaData": {
        "Keys": [
            "wayland-xcomposite-egl"
        ]
    },
    "archreq": 0,
    "className": "QWaylandXCompositeEglPlatformIntegrationPlugin",
    "debug": false,
    "version": 331520
}


Got keys from plugin meta data ("wayland-xcomposite-egl")
QFactoryLoader::QFactoryLoader() looking at "/usr/lib/x86_64-linux-gnu/qt5/plugins/platforms/libqwayland-xcomposite-glx.so"
Found metadata in lib /usr/lib/x86_64-linux-gnu/qt5/plugins/platforms/libqwayland-xcomposite-glx.so, metadata=
{
    "IID": "org.qt-project.Qt.QPA.QPlatformIntegrationFactoryInterface.5.3",
    "MetaData": {
        "Keys": [
            "wayland-xcomposite-glx"
        ]
    },
    "archreq": 0,
    "className": "QWaylandXCompositeGlxPlatformIntegrationPlugin",
    "debug": false,
    "version": 331520
}


Got keys from plugin meta data ("wayland-xcomposite-glx")
QFactoryLoader::QFactoryLoader() looking at "/usr/lib/x86_64-linux-gnu/qt5/plugins/platforms/libqxcb.so"
Found metadata in lib /usr/lib/x86_64-linux-gnu/qt5/plugins/platforms/libqxcb.so, metadata=
{
    "IID": "org.qt-project.Qt.QPA.QPlatformIntegrationFactoryInterface.5.3",
    "MetaData": {
        "Keys": [
            "xcb"
        ]
    },
    "archreq": 0,
    "className": "QXcbIntegrationPlugin",
    "debug": false,
    "version": 331520
}


Got keys from plugin meta data ("xcb")
QFactoryLoader::QFactoryLoader() checking directory path "/home/ubuntu/project/calculator/build1/platforms" ...
loaded library "/usr/lib/x86_64-linux-gnu/qt5/plugins/platforms/libqxcb.so"
loaded library "Xcursor"
QFactoryLoader::QFactoryLoader() checking directory path "/usr/lib/x86_64-linux-gnu/qt5/plugins" ...
QFactoryLoader::QFactoryLoader() checking directory path "/home/ubuntu/project/calculator/build1" ...
QFactoryLoader::QFactoryLoader() looking at "/home/ubuntu/project/calculator/build1/calculator_test"
"Failed to extract plugin meta data from '/home/ubuntu/project/calculator/build1/calculator_test'" 
         not a plugin
QFactoryLoader::QFactoryLoader() looking at "/home/ubuntu/project/calculator/build1/calculatorscxml"
"Failed to extract plugin meta data from '/home/ubuntu/project/calculator/build1/calculatorscxml'" 
         not a plugin
QFactoryLoader::QFactoryLoader() looking at "/home/ubuntu/project/calculator/build1/cmake_install.cmake"
QElfParser: '/home/ubuntu/project/calculator/build1/cmake_install.cmake' is not an ELF object
"'/home/ubuntu/project/calculator/build1/cmake_install.cmake' is not an ELF object" 
         not a plugin
QFactoryLoader::QFactoryLoader() looking at "/home/ubuntu/project/calculator/build1/CMakeCache.txt"
QElfParser: '/home/ubuntu/project/calculator/build1/CMakeCache.txt' is not an ELF object
"'/home/ubuntu/project/calculator/build1/CMakeCache.txt' is not an ELF object" 
         not a plugin
QFactoryLoader::QFactoryLoader() looking at "/home/ubuntu/project/calculator/build1/CTestTestfile.cmake"
QElfParser: '/home/ubuntu/project/calculator/build1/CTestTestfile.cmake' is not an ELF object
"'/home/ubuntu/project/calculator/build1/CTestTestfile.cmake' is not an ELF object" 
         not a plugin
QFactoryLoader::QFactoryLoader() looking at "/home/ubuntu/project/calculator/build1/Makefile"
QElfParser: '/home/ubuntu/project/calculator/build1/Makefile' is not an ELF object
"'/home/ubuntu/project/calculator/build1/Makefile' is not an ELF object" 
         not a plugin
QFactoryLoader::QFactoryLoader() looking at "/home/ubuntu/project/calculator/build1/moc_calculator.cpp"
QElfParser: '/home/ubuntu/project/calculator/build1/moc_calculator.cpp' is not an ELF object (file too small)
"'/home/ubuntu/project/calculator/build1/moc_calculator.cpp' is not an ELF object (file too small)" 
         not a plugin
QFactoryLoader::QFactoryLoader() looking at "/home/ubuntu/project/calculator/build1/moc_calculator.cpp_parameters"
QElfParser: '/home/ubuntu/project/calculator/build1/moc_calculator.cpp_parameters' is not an ELF object
"'/home/ubuntu/project/calculator/build1/moc_calculator.cpp_parameters' is not an ELF object" 
         not a plugin
QFactoryLoader::QFactoryLoader() looking at "/home/ubuntu/project/calculator/build1/moc_calculator_test.cpp"
QElfParser: '/home/ubuntu/project/calculator/build1/moc_calculator_test.cpp' is not an ELF object
"'/home/ubuntu/project/calculator/build1/moc_calculator_test.cpp' is not an ELF object" 
         not a plugin
QFactoryLoader::QFactoryLoader() looking at "/home/ubuntu/project/calculator/build1/moc_calculator_test.cpp_parameters"
QElfParser: '/home/ubuntu/project/calculator/build1/moc_calculator_test.cpp_parameters' is not an ELF object
"'/home/ubuntu/project/calculator/build1/moc_calculator_test.cpp_parameters' is not an ELF object" 
         not a plugin
QFactoryLoader::QFactoryLoader() looking at "/home/ubuntu/project/calculator/build1/qmake_qml_resources.qrc.depends"
QElfParser: '/home/ubuntu/project/calculator/build1/qmake_qml_resources.qrc.depends' is not an ELF object
"'/home/ubuntu/project/calculator/build1/qmake_qml_resources.qrc.depends' is not an ELF object" 
         not a plugin
QFactoryLoader::QFactoryLoader() looking at "/home/ubuntu/project/calculator/build1/qrc_qmake_qml_resources.cpp"
QElfParser: '/home/ubuntu/project/calculator/build1/qrc_qmake_qml_resources.cpp' is not an ELF object
"'/home/ubuntu/project/calculator/build1/qrc_qmake_qml_resources.cpp' is not an ELF object" 
         not a plugin
QFactoryLoader::QFactoryLoader() checking directory path "/usr/lib/x86_64-linux-gnu/qt5/plugins/platformthemes" ...
QFactoryLoader::QFactoryLoader() looking at "/usr/lib/x86_64-linux-gnu/qt5/plugins/platformthemes/libqgtk3.so"
Found metadata in lib /usr/lib/x86_64-linux-gnu/qt5/plugins/platformthemes/libqgtk3.so, metadata=
{
    "IID": "org.qt-project.Qt.QPA.QPlatformThemeFactoryInterface.5.1",
    "MetaData": {
        "Keys": [
            "gtk3"
        ]
    },
    "archreq": 0,
    "className": "QGtk3ThemePlugin",
    "debug": false,
    "version": 331520
}


Got keys from plugin meta data ("gtk3")
QFactoryLoader::QFactoryLoader() checking directory path "/home/ubuntu/project/calculator/build1/platformthemes" ...
QFactoryLoader::QFactoryLoader() checking directory path "/usr/lib/x86_64-linux-gnu/qt5/plugins/platforminputcontexts" ...
QFactoryLoader::QFactoryLoader() looking at "/usr/lib/x86_64-linux-gnu/qt5/plugins/platforminputcontexts/libcomposeplatforminputcontextplugin.so"
Found metadata in lib /usr/lib/x86_64-linux-gnu/qt5/plugins/platforminputcontexts/libcomposeplatforminputcontextplugin.so, metadata=
{
    "IID": "org.qt-project.Qt.QPlatformInputContextFactoryInterface.5.1",
    "MetaData": {
        "Keys": [
            "compose",
            "xim"
        ]
    },
    "archreq": 0,
    "className": "QComposePlatformInputContextPlugin",
    "debug": false,
    "version": 331520
}


Got keys from plugin meta data ("compose", "xim")
QFactoryLoader::QFactoryLoader() looking at "/usr/lib/x86_64-linux-gnu/qt5/plugins/platforminputcontexts/libibusplatforminputcontextplugin.so"
Found metadata in lib /usr/lib/x86_64-linux-gnu/qt5/plugins/platforminputcontexts/libibusplatforminputcontextplugin.so, metadata=
{
    "IID": "org.qt-project.Qt.QPlatformInputContextFactoryInterface.5.1",
    "MetaData": {
        "Keys": [
            "ibus"
        ]
    },
    "archreq": 0,
    "className": "QIbusPlatformInputContextPlugin",
    "debug": false,
    "version": 331520
}


Got keys from plugin meta data ("ibus")
QFactoryLoader::QFactoryLoader() checking directory path "/home/ubuntu/project/calculator/build1/platforminputcontexts" ...
loaded library "/usr/lib/x86_64-linux-gnu/qt5/plugins/platforminputcontexts/libcomposeplatforminputcontextplugin.so"
********* Start testing of CalculatorTest *********
Config: Using QtTest library 5.15.13, Qt 5.15.13 (x86_64-little_endian-lp64 shared (dynamic) release build; by GCC 13.2.0), ubuntu 24.04
QDEBUG : CalculatorTest::initTestCase() Starting Calculator Tests...
PASS   : CalculatorTest::initTestCase()
PASS   : CalculatorTest::testAddition()
PASS   : CalculatorTest::testSubtraction()
QDEBUG : CalculatorTest::cleanupTestCase() All tests finished.
PASS   : CalculatorTest::cleanupTestCase()
Totals: 4 passed, 0 failed, 0 skipped, 0 blacklisted, 0ms
********* Finished testing of CalculatorTest *********
QLibraryPrivate::unload succeeded on "/usr/lib/x86_64-linux-gnu/qt5/plugins/platforminputcontexts/libcomposeplatforminputcontextplugin.so" 
QLibraryPrivate::unload succeeded on "/usr/lib/x86_64-linux-gnu/qt5/plugins/platforms/libqxcb.so" 
QLibraryPrivate::unload succeeded on "Xcursor" (faked)
<end of output>
Test time =   0.04 sec
----------------------------------------------------------
Test Passed.
"CalculatorTests" end time: Dec 22 16:36 UTC
"CalculatorTests" time elapsed: 00:00:00
----------------------------------------------------------

End testing: Dec 22 16:36 UTC
